# JRE version: Java(TM) SE Runtime Environment (21.0.4+8) (build 21.0.4+8-LTS-274)
# Java VM: Java HotSpot(TM) 64-Bit Server VM (21.0.4+8-LTS-274, mixed mode, emulated-client, sharing, tiered, compressed oops, compressed class ptrs, g1 gc, windows-amd64)
GC Precious Log:
 CardTable entry size: 512
 Card Set container configuration: InlinePtr #cards 4 size 8 Array Of Cards #cards 64 size 144 Howl #buckets 8 coarsen threshold 14745 Howl Bitmap #cards 2048 size 272 coarsen threshold 1843 Card regions per heap region 1 cards per card region 16384
 CPUs: 12 total, 12 available
 Memory: 48947M
 Large Page Support: Disabled
 NUMA Support: Disabled
 Compressed Oops: Enabled (Zero based)
 Heap Region Size: 8M
 Heap Min Capacity: 8M
 Heap Initial Capacity: 768M
 Heap Max Capacity: 12240M
 Pre-touch: Disabled
 Parallel Workers: 10
 Concurrent Workers: 3
 Concurrent Refinement Workers: 10
 Periodic GC: Disabled
Heap:
 garbage-first heap   total 139264K, used 76464K [0x0000000503000000, 0x0000000800000000)
  region size 8192K, 6 young (49152K), 1 survivors (8192K)
 Metaspace       used 85042K, committed 85952K, reserved 1179648K
  class space    used 11590K, committed 12032K, reserved 1048576K
GC Heap History (20 events):
Event: 4402.965 GC heap after
{Heap after GC invocations=50 (full 15):
 garbage-first heap   total 139264K, used 34389K [0x0000000503000000, 0x0000000800000000)
  region size 8192K, 0 young (0K), 0 survivors (0K)
 Metaspace       used 83105K, committed 83904K, reserved 1179648K
  class space    used 11352K, committed 11712K, reserved 1048576K
}
Event: 4404.565 GC heap before
{Heap before GC invocations=50 (full 15):
 garbage-first heap   total 139264K, used 116309K [0x0000000503000000, 0x0000000800000000)
  region size 8192K, 10 young (81920K), 0 survivors (0K)
 Metaspace       used 83393K, committed 84224K, reserved 1179648K
  class space    used 11375K, committed 11776K, reserved 1048576K
}
Event: 4404.567 GC heap after
{Heap after GC invocations=51 (full 15):
 garbage-first heap   total 139264K, used 40722K [0x0000000503000000, 0x0000000800000000)
  region size 8192K, 1 young (8192K), 1 survivors (8192K)
 Metaspace       used 83393K, committed 84224K, reserved 1179648K
  class space    used 11375K, committed 11776K, reserved 1048576K
}
Event: 4600.143 GC heap before
{Heap before GC invocations=51 (full 15):
 garbage-first heap   total 139264K, used 73490K [0x0000000503000000, 0x0000000800000000)
  region size 8192K, 6 young (49152K), 1 survivors (8192K)
 Metaspace       used 83407K, committed 84224K, reserved 1179648K
  class space    used 11376K, committed 11776K, reserved 1048576K
}
Event: 4600.232 GC heap after
{Heap after GC invocations=52 (full 16):
 garbage-first heap   total 139264K, used 34279K [0x0000000503000000, 0x0000000800000000)
  region size 8192K, 0 young (0K), 0 survivors (0K)
 Metaspace       used 83387K, committed 84224K, reserved 1179648K
  class space    used 11372K, committed 11776K, reserved 1048576K
}
Event: 4601.826 GC heap before
{Heap before GC invocations=52 (full 16):
 garbage-first heap   total 139264K, used 116199K [0x0000000503000000, 0x0000000800000000)
  region size 8192K, 10 young (81920K), 0 survivors (0K)
 Metaspace       used 83953K, committed 84800K, reserved 1179648K
  class space    used 11489K, committed 11904K, reserved 1048576K
}
Event: 4601.828 GC heap after
{Heap after GC invocations=53 (full 16):
 garbage-first heap   total 139264K, used 40690K [0x0000000503000000, 0x0000000800000000)
  region size 8192K, 1 young (8192K), 1 survivors (8192K)
 Metaspace       used 83953K, committed 84800K, reserved 1179648K
  class space    used 11489K, committed 11904K, reserved 1048576K
}
Event: 4609.358 GC heap before
{Heap before GC invocations=53 (full 16):
 garbage-first heap   total 139264K, used 73458K [0x0000000503000000, 0x0000000800000000)
  region size 8192K, 6 young (49152K), 1 survivors (8192K)
 Metaspace       used 84065K, committed 84864K, reserved 1179648K
  class space    used 11498K, committed 11904K, reserved 1048576K
}
Event: 4609.448 GC heap after
{Heap after GC invocations=54 (full 17):
 garbage-first heap   total 139264K, used 34841K [0x0000000503000000, 0x0000000800000000)
  region size 8192K, 0 young (0K), 0 survivors (0K)
 Metaspace       used 84053K, committed 84864K, reserved 1179648K
  class space    used 11495K, committed 11904K, reserved 1048576K
}
Event: 4611.044 GC heap before
{Heap before GC invocations=54 (full 17):
 garbage-first heap   total 139264K, used 116761K [0x0000000503000000, 0x0000000800000000)
  region size 8192K, 10 young (81920K), 0 survivors (0K)
 Metaspace       used 84339K, committed 85120K, reserved 1179648K
  class space    used 11517K, committed 11904K, reserved 1048576K
}
Event: 4611.047 GC heap after
{Heap after GC invocations=55 (full 17):
 garbage-first heap   total 139264K, used 41043K [0x0000000503000000, 0x0000000800000000)
  region size 8192K, 1 young (8192K), 1 survivors (8192K)
 Metaspace       used 84339K, committed 85120K, reserved 1179648K
  class space    used 11517K, committed 11904K, reserved 1048576K
}
Event: 4647.698 GC heap before
{Heap before GC invocations=55 (full 17):
 garbage-first heap   total 139264K, used 65619K [0x0000000503000000, 0x0000000800000000)
  region size 8192K, 5 young (40960K), 1 survivors (8192K)
 Metaspace       used 84354K, committed 85184K, reserved 1179648K
  class space    used 11520K, committed 11904K, reserved 1048576K
}
Event: 4647.787 GC heap after
{Heap after GC invocations=56 (full 18):
 garbage-first heap   total 139264K, used 35023K [0x0000000503000000, 0x0000000800000000)
  region size 8192K, 0 young (0K), 0 survivors (0K)
 Metaspace       used 84351K, committed 85184K, reserved 1179648K
  class space    used 11520K, committed 11904K, reserved 1048576K
}
Event: 4649.405 GC heap before
{Heap before GC invocations=56 (full 18):
 garbage-first heap   total 139264K, used 116943K [0x0000000503000000, 0x0000000800000000)
  region size 8192K, 10 young (81920K), 0 survivors (0K)
 Metaspace       used 84639K, committed 85504K, reserved 1179648K
  class space    used 11541K, committed 11968K, reserved 1048576K
}
Event: 4649.407 GC heap after
{Heap after GC invocations=57 (full 18):
 garbage-first heap   total 139264K, used 41266K [0x0000000503000000, 0x0000000800000000)
  region size 8192K, 1 young (8192K), 1 survivors (8192K)
 Metaspace       used 84639K, committed 85504K, reserved 1179648K
  class space    used 11541K, committed 11968K, reserved 1048576K
}
Event: 4681.032 GC heap before
{Heap before GC invocations=57 (full 18):
 garbage-first heap   total 139264K, used 65842K [0x0000000503000000, 0x0000000800000000)
  region size 8192K, 5 young (40960K), 1 survivors (8192K)
 Metaspace       used 84667K, committed 85504K, reserved 1179648K
  class space    used 11545K, committed 11968K, reserved 1048576K
}
Event: 4681.119 GC heap after
{Heap after GC invocations=58 (full 19):
 garbage-first heap   total 139264K, used 35473K [0x0000000503000000, 0x0000000800000000)
  region size 8192K, 0 young (0K), 0 survivors (0K)
 Metaspace       used 84665K, committed 85504K, reserved 1179648K
  class space    used 11544K, committed 11968K, reserved 1048576K
}
Event: 4682.713 GC heap before
{Heap before GC invocations=58 (full 19):
 garbage-first heap   total 139264K, used 117393K [0x0000000503000000, 0x0000000800000000)
  region size 8192K, 10 young (81920K), 0 survivors (0K)
 Metaspace       used 84952K, committed 85824K, reserved 1179648K
  class space    used 11565K, committed 11968K, reserved 1048576K
}
Event: 4682.716 GC heap after
{Heap after GC invocations=59 (full 19):
 garbage-first heap   total 139264K, used 41762K [0x0000000503000000, 0x0000000800000000)
  region size 8192K, 1 young (8192K), 1 survivors (8192K)
 Metaspace       used 84952K, committed 85824K, reserved 1179648K
  class space    used 11565K, committed 11968K, reserved 1048576K
}
Event: 4839.107 GC heap before
{Heap before GC invocations=59 (full 19):
 garbage-first heap   total 139264K, used 74530K [0x0000000503000000, 0x0000000800000000)
  region size 8192K, 6 young (49152K), 1 survivors (8192K)
 Metaspace       used 85042K, committed 85952K, reserved 1179648K
  class space    used 11590K, committed 12032K, reserved 1048576K
}

